[debug] [2026-05-03T13:48:43.031Z] ----------------------------------------------------------------------
[debug] [2026-05-03T13:48:43.039Z] Command:       C:\Program Files\nodejs\node.exe C:\Users\julie\AppData\Roaming\npm\node_modules\firebase-tools\lib\bin\firebase.js deploy --only hosting
[debug] [2026-05-03T13:48:43.040Z] CLI Version:   15.9.1
[debug] [2026-05-03T13:48:43.040Z] Platform:      win32
[debug] [2026-05-03T13:48:43.040Z] Node Version:  v24.11.1
[debug] [2026-05-03T13:48:43.040Z] Time:          Sun May 03 2026 15:48:43 GMT+0200 (hora de verano de Europa central)
[debug] [2026-05-03T13:48:43.041Z] ----------------------------------------------------------------------
[debug] 
[debug] [2026-05-03T13:48:46.490Z] > command requires scopes: ["email","openid","https://www.googleapis.com/auth/cloudplatformprojects.readonly","https://www.googleapis.com/auth/firebase","https://www.googleapis.com/auth/cloud-platform"]
[debug] [2026-05-03T13:48:46.490Z] > authorizing via signed-in user (julien.alexandre.oud@gmail.com)
[debug] [2026-05-03T13:48:46.490Z] [iam] checking project calctowork for permissions ["firebase.projects.get","firebasehosting.sites.update"]
[debug] [2026-05-03T13:48:46.492Z] Checked if tokens are valid: true, expires at: 1777819600072
[debug] [2026-05-03T13:48:46.492Z] Checked if tokens are valid: true, expires at: 1777819600072
[debug] [2026-05-03T13:48:46.494Z] >>> [apiv2][query] POST https://cloudresourcemanager.googleapis.com/v1/projects/calctowork:testIamPermissions [none]
[debug] [2026-05-03T13:48:46.494Z] >>> [apiv2][(partial)header] POST https://cloudresourcemanager.googleapis.com/v1/projects/calctowork:testIamPermissions  x-goog-user-project=calctowork
[debug] [2026-05-03T13:48:46.494Z] >>> [apiv2][body] POST https://cloudresourcemanager.googleapis.com/v1/projects/calctowork:testIamPermissions {"permissions":["firebase.projects.get","firebasehosting.sites.update"]}
[debug] [2026-05-03T13:48:46.746Z] <<< [apiv2][status] POST https://cloudresourcemanager.googleapis.com/v1/projects/calctowork:testIamPermissions 200
[debug] [2026-05-03T13:48:46.747Z] <<< [apiv2][body] POST https://cloudresourcemanager.googleapis.com/v1/projects/calctowork:testIamPermissions {"permissions":["firebase.projects.get","firebasehosting.sites.update"]}
[debug] [2026-05-03T13:48:46.747Z] Checked if tokens are valid: true, expires at: 1777819600072
[debug] [2026-05-03T13:48:46.748Z] Checked if tokens are valid: true, expires at: 1777819600072
[debug] [2026-05-03T13:48:46.748Z] >>> [apiv2][query] GET https://firebase.googleapis.com/v1beta1/projects/calctowork [none]
[debug] [2026-05-03T13:48:47.038Z] <<< [apiv2][status] GET https://firebase.googleapis.com/v1beta1/projects/calctowork 200
[debug] [2026-05-03T13:48:47.038Z] <<< [apiv2][body] GET https://firebase.googleapis.com/v1beta1/projects/calctowork {"projectId":"calctowork","projectNumber":"538330151764","displayName":"calctowork","name":"projects/calctowork","resources":{"hostingSite":"calctowork"},"state":"ACTIVE","etag":"1_e090581e-41a0-49c3-99c3-302e838ed558"}
[info] 
[info] === Deploying to 'calctowork'...
[info] 
[info] i  deploying hosting 
[debug] [2026-05-03T13:48:47.053Z] Checked if tokens are valid: true, expires at: 1777819600072
[debug] [2026-05-03T13:48:47.053Z] Checked if tokens are valid: true, expires at: 1777819600072
[debug] [2026-05-03T13:48:47.053Z] >>> [apiv2][query] POST https://firebasehosting.googleapis.com/v1beta1/projects/-/sites/calctowork/versions [none]
[debug] [2026-05-03T13:48:47.054Z] >>> [apiv2][body] POST https://firebasehosting.googleapis.com/v1beta1/projects/-/sites/calctowork/versions {"status":"CREATED","labels":{"deployment-tool":"cli-firebase"}}
[debug] [2026-05-03T13:48:48.870Z] <<< [apiv2][status] POST https://firebasehosting.googleapis.com/v1beta1/projects/-/sites/calctowork/versions 200
